Determining if the pthread_create exist failed with the following output:
Change Dir: /home/dhilan/oruga_ws/build/CMakeFiles/CMakeTmp

Run Build Command:"/usr/bin/make" "cmTC_8a329/fast"
/usr/bin/make -f CMakeFiles/cmTC_8a329.dir/build.make CMakeFiles/cmTC_8a329.dir/build
make[1]: Entering directory '/home/dhilan/oruga_ws/build/CMakeFiles/CMakeTmp'
Building C object CMakeFiles/cmTC_8a329.dir/CheckSymbolExists.c.o
/usr/bin/cc    -o CMakeFiles/cmTC_8a329.dir/CheckSymbolExists.c.o   -c /home/dhilan/oruga_ws/build/CMakeFiles/CMakeTmp/CheckSymbolExists.c
Linking C executable cmTC_8a329
/usr/bin/cmake -E cmake_link_script CMakeFiles/cmTC_8a329.dir/link.txt --verbose=1
/usr/bin/cc      -rdynamic CMakeFiles/cmTC_8a329.dir/CheckSymbolExists.c.o  -o cmTC_8a329 
CMakeFiles/cmTC_8a329.dir/CheckSymbolExists.c.o: In function `main':
CheckSymbolExists.c:(.text+0x1b): undefined reference to `pthread_create'
collect2: error: ld returned 1 exit status
CMakeFiles/cmTC_8a329.dir/build.make:97: recipe for target 'cmTC_8a329' failed
make[1]: *** [cmTC_8a329] Error 1
make[1]: Leaving directory '/home/dhilan/oruga_ws/build/CMakeFiles/CMakeTmp'
Makefile:126: recipe for target 'cmTC_8a329/fast' failed
make: *** [cmTC_8a329/fast] Error 2

File /home/dhilan/oruga_ws/build/CMakeFiles/CMakeTmp/CheckSymbolExists.c:
/* */
#include <pthread.h>

int main(int argc, char** argv)
{
  (void)argv;
#ifndef pthread_create
  return ((int*)(&pthread_create))[argc];
#else
  (void)argc;
  return 0;
#endif
}

Determining if the function pthread_create exists in the pthreads failed with the following output:
Change Dir: /home/dhilan/oruga_ws/build/CMakeFiles/CMakeTmp

Run Build Command:"/usr/bin/make" "cmTC_70205/fast"
/usr/bin/make -f CMakeFiles/cmTC_70205.dir/build.make CMakeFiles/cmTC_70205.dir/build
make[1]: Entering directory '/home/dhilan/oruga_ws/build/CMakeFiles/CMakeTmp'
Building C object CMakeFiles/cmTC_70205.dir/CheckFunctionExists.c.o
/usr/bin/cc   -DCHECK_FUNCTION_EXISTS=pthread_create   -o CMakeFiles/cmTC_70205.dir/CheckFunctionExists.c.o   -c /usr/share/cmake-3.10/Modules/CheckFunctionExists.c
Linking C executable cmTC_70205
/usr/bin/cmake -E cmake_link_script CMakeFiles/cmTC_70205.dir/link.txt --verbose=1
/usr/bin/cc  -DCHECK_FUNCTION_EXISTS=pthread_create    -rdynamic CMakeFiles/cmTC_70205.dir/CheckFunctionExists.c.o  -o cmTC_70205 -lpthreads 
/usr/bin/ld: cannot find -lpthreads
collect2: error: ld returned 1 exit status
CMakeFiles/cmTC_70205.dir/build.make:97: recipe for target 'cmTC_70205' failed
make[1]: *** [cmTC_70205] Error 1
make[1]: Leaving directory '/home/dhilan/oruga_ws/build/CMakeFiles/CMakeTmp'
Makefile:126: recipe for target 'cmTC_70205/fast' failed
make: *** [cmTC_70205/fast] Error 2


